go vet ./...
golangci-lint run ./...
0 issues.
go test -race -count=1 ./...
?   	github.com/dkoosis/strand/cmd/strand	[no test files]
ok  	github.com/dkoosis/strand/internal/bd	6.646s
ok  	github.com/dkoosis/strand/internal/forest	1.808s
ok  	github.com/dkoosis/strand/internal/graph	2.080s
ok  	github.com/dkoosis/strand/internal/registry	2.450s
ok  	github.com/dkoosis/strand/internal/server	2.392s
?   	github.com/dkoosis/strand/web	[no test files]
[90m┌──────────[39m[90m┬────────────────[39m[90m┬─────────────[39m[90m┬──────────────[39m[90m┬──────────────[39m[90m┬──────────────────[39m[90m┬───────────────────┐[39m
[90m│[39m[31m Format   [39m[90m│[39m[31m Files analyzed [39m[90m│[39m[31m Total lines [39m[90m│[39m[31m Total tokens [39m[90m│[39m[31m Clones found [39m[90m│[39m[31m Duplicated lines [39m[90m│[39m[31m Duplicated tokens [39m[90m│[39m
[90m├──────────[39m[90m┼────────────────[39m[90m┼─────────────[39m[90m┼──────────────[39m[90m┼──────────────[39m[90m┼──────────────────[39m[90m┼───────────────────┤[39m
[90m│[39m markdown [90m│[39m 9              [90m│[39m 1110        [90m│[39m 15925        [90m│[39m 0            [90m│[39m 0 (0%)           [90m│[39m 0 (0%)            [90m│[39m
[90m├──────────[39m[90m┼────────────────[39m[90m┼─────────────[39m[90m┼──────────────[39m[90m┼──────────────[39m[90m┼──────────────────[39m[90m┼───────────────────┤[39m
[90m│[39m go       [90m│[39m 10             [90m│[39m 2435        [90m│[39m 20988        [90m│[39m 0            [90m│[39m 0 (0%)           [90m│[39m 0 (0%)            [90m│[39m
[90m├──────────[39m[90m┼────────────────[39m[90m┼─────────────[39m[90m┼──────────────[39m[90m┼──────────────[39m[90m┼──────────────────[39m[90m┼───────────────────┤[39m
[90m│[39m yaml     [90m│[39m 2              [90m│[39m 254         [90m│[39m 1046         [90m│[39m 0            [90m│[39m 0 (0%)           [90m│[39m 0 (0%)            [90m│[39m
[90m├──────────[39m[90m┼────────────────[39m[90m┼─────────────[39m[90m┼──────────────[39m[90m┼──────────────[39m[90m┼──────────────────[39m[90m┼───────────────────┤[39m
[90m│[39m json     [90m│[39m 1              [90m│[39m 24          [90m│[39m 143          [90m│[39m 0            [90m│[39m 0 (0%)           [90m│[39m 0 (0%)            [90m│[39m
[90m├──────────[39m[90m┼────────────────[39m[90m┼─────────────[39m[90m┼──────────────[39m[90m┼──────────────[39m[90m┼──────────────────[39m[90m┼───────────────────┤[39m
[90m│[39m [1mTotal:[22m   [90m│[39m 22             [90m│[39m 3823        [90m│[39m 38102        [90m│[39m 0            [90m│[39m 0 (0%)           [90m│[39m 0 (0%)            [90m│[39m
[90m└──────────[39m[90m┴────────────────[39m[90m┴─────────────[39m[90m┴──────────────[39m[90m┴──────────────[39m[90m┴──────────────────[39m[90m┴───────────────────┘[39m
[90mFound 0 clones.[39m
[3m[90mDetection time:[39m[23m: 492.572ms
govulncheck ./...
No vulnerabilities found.
nilaway -test=false -include-pkgs=github.com/dkoosis/strand ./...
=== nilcheck pass ===
=== audit pass ===
