go vet ./...
golangci-lint run ./...
0 issues.
go test -race -count=1 ./...
?   	github.com/dkoosis/strand/cmd/strand	[no test files]
ok  	github.com/dkoosis/strand/internal/bd	3.317s
ok  	github.com/dkoosis/strand/internal/forest	1.244s
ok  	github.com/dkoosis/strand/internal/graph	1.467s
ok  	github.com/dkoosis/strand/internal/registry	1.623s
ok  	github.com/dkoosis/strand/internal/server	1.683s
?   	github.com/dkoosis/strand/web	[no test files]
[90m┌──────────[39m[90m┬────────────────[39m[90m┬─────────────[39m[90m┬──────────────[39m[90m┬──────────────[39m[90m┬──────────────────[39m[90m┬───────────────────┐[39m
[90m│[39m[31m Format   [39m[90m│[39m[31m Files analyzed [39m[90m│[39m[31m Total lines [39m[90m│[39m[31m Total tokens [39m[90m│[39m[31m Clones found [39m[90m│[39m[31m Duplicated lines [39m[90m│[39m[31m Duplicated tokens [39m[90m│[39m
[90m├──────────[39m[90m┼────────────────[39m[90m┼─────────────[39m[90m┼──────────────[39m[90m┼──────────────[39m[90m┼──────────────────[39m[90m┼───────────────────┤[39m
[90m│[39m go       [90m│[39m 10             [90m│[39m 2214        [90m│[39m 19094        [90m│[39m 0            [90m│[39m 0 (0%)           [90m│[39m 0 (0%)            [90m│[39m
[90m├──────────[39m[90m┼────────────────[39m[90m┼─────────────[39m[90m┼──────────────[39m[90m┼──────────────[39m[90m┼──────────────────[39m[90m┼───────────────────┤[39m
[90m│[39m markdown [90m│[39m 4              [90m│[39m 786         [90m│[39m 10884        [90m│[39m 0            [90m│[39m 0 (0%)           [90m│[39m 0 (0%)            [90m│[39m
[90m├──────────[39m[90m┼────────────────[39m[90m┼─────────────[39m[90m┼──────────────[39m[90m┼──────────────[39m[90m┼──────────────────[39m[90m┼───────────────────┤[39m
[90m│[39m yaml     [90m│[39m 2              [90m│[39m 250         [90m│[39m 1024         [90m│[39m 0            [90m│[39m 0 (0%)           [90m│[39m 0 (0%)            [90m│[39m
[90m├──────────[39m[90m┼────────────────[39m[90m┼─────────────[39m[90m┼──────────────[39m[90m┼──────────────[39m[90m┼──────────────────[39m[90m┼───────────────────┤[39m
[90m│[39m json     [90m│[39m 1              [90m│[39m 24          [90m│[39m 143          [90m│[39m 0            [90m│[39m 0 (0%)           [90m│[39m 0 (0%)            [90m│[39m
[90m├──────────[39m[90m┼────────────────[39m[90m┼─────────────[39m[90m┼──────────────[39m[90m┼──────────────[39m[90m┼──────────────────[39m[90m┼───────────────────┤[39m
[90m│[39m [1mTotal:[22m   [90m│[39m 17             [90m│[39m 3274        [90m│[39m 31145        [90m│[39m 0            [90m│[39m 0 (0%)           [90m│[39m 0 (0%)            [90m│[39m
[90m└──────────[39m[90m┴────────────────[39m[90m┴─────────────[39m[90m┴──────────────[39m[90m┴──────────────[39m[90m┴──────────────────[39m[90m┴───────────────────┘[39m
[90mFound 0 clones.[39m
[3m[90mDetection time:[39m[23m: 218.944ms
govulncheck ./...
No vulnerabilities found.
nilaway -test=false -include-pkgs=github.com/dkoosis/strand ./...
=== nilcheck pass ===
=== audit pass ===
